{"/Users/phoovich/Documents/CEDT/Year1_2/SE/se-project-backend-7_fivem/server.js": {"path":"/Users/phoovich/Documents/CEDT/Year1_2/SE/se-project-backend-7_fivem/server.js","statementMap":{"0":{"start":{"line":1,"column":16},"end":{"line":1,"column":34}},"1":{"start":{"line":2,"column":15},"end":{"line":2,"column":32}},"2":{"start":{"line":3,"column":21},"end":{"line":3,"column":45}},"3":{"start":{"line":4,"column":18},"end":{"line":4,"column":40}},"4":{"start":{"line":5,"column":21},"end":{"line":5,"column":45}},"5":{"start":{"line":6,"column":18},"end":{"line":6,"column":47}},"6":{"start":{"line":7,"column":22},"end":{"line":7,"column":55}},"7":{"start":{"line":8,"column":15},"end":{"line":8,"column":32}},"8":{"start":{"line":9,"column":16},"end":{"line":9,"column":48}},"9":{"start":{"line":10,"column":18},"end":{"line":10,"column":47}},"10":{"start":{"line":11,"column":12},"end":{"line":11,"column":26}},"11":{"start":{"line":12,"column":13},"end":{"line":12,"column":28}},"12":{"start":{"line":15,"column":0},"end":{"line":19,"column":1}},"13":{"start":{"line":16,"column":2},"end":{"line":16,"column":48}},"14":{"start":{"line":18,"column":2},"end":{"line":18,"column":49}},"15":{"start":{"line":21,"column":0},"end":{"line":21,"column":12}},"16":{"start":{"line":24,"column":20},"end":{"line":24,"column":51}},"17":{"start":{"line":25,"column":17},"end":{"line":25,"column":45}},"18":{"start":{"line":26,"column":13},"end":{"line":26,"column":37}},"19":{"start":{"line":28,"column":22},"end":{"line":28,"column":55}},"20":{"start":{"line":29,"column":20},"end":{"line":29,"column":51}},"21":{"start":{"line":31,"column":12},"end":{"line":31,"column":21}},"22":{"start":{"line":34,"column":0},"end":{"line":34,"column":24}},"23":{"start":{"line":37,"column":0},"end":{"line":37,"column":24}},"24":{"start":{"line":40,"column":0},"end":{"line":40,"column":25}},"25":{"start":{"line":43,"column":0},"end":{"line":43,"column":18}},"26":{"start":{"line":46,"column":0},"end":{"line":46,"column":15}},"27":{"start":{"line":49,"column":16},"end":{"line":52,"column":2}},"28":{"start":{"line":53,"column":0},"end":{"line":53,"column":17}},"29":{"start":{"line":56,"column":0},"end":{"line":56,"column":15}},"30":{"start":{"line":59,"column":0},"end":{"line":59,"column":16}},"31":{"start":{"line":62,"column":23},"end":{"line":77,"column":1}},"32":{"start":{"line":79,"column":20},"end":{"line":79,"column":48}},"33":{"start":{"line":80,"column":0},"end":{"line":80,"column":68}},"34":{"start":{"line":83,"column":0},"end":{"line":83,"column":38}},"35":{"start":{"line":84,"column":0},"end":{"line":84,"column":44}},"36":{"start":{"line":85,"column":0},"end":{"line":85,"column":30}},"37":{"start":{"line":86,"column":0},"end":{"line":86,"column":48}},"38":{"start":{"line":87,"column":0},"end":{"line":87,"column":44}},"39":{"start":{"line":89,"column":0},"end":{"line":89,"column":21}},"40":{"start":{"line":91,"column":0},"end":{"line":103,"column":1}},"41":{"start":{"line":92,"column":15},"end":{"line":92,"column":39}},"42":{"start":{"line":93,"column":17},"end":{"line":97,"column":4}},"43":{"start":{"line":94,"column":4},"end":{"line":96,"column":6}},"44":{"start":{"line":99,"column":2},"end":{"line":102,"column":5}},"45":{"start":{"line":100,"column":4},"end":{"line":100,"column":41}},"46":{"start":{"line":101,"column":4},"end":{"line":101,"column":40}},"47":{"start":{"line":101,"column":23},"end":{"line":101,"column":38}}},"fnMap":{"0":{"name":"(anonymous_0)","decl":{"start":{"line":93,"column":34},"end":{"line":93,"column":35}},"loc":{"start":{"line":93,"column":40},"end":{"line":97,"column":3}},"line":93},"1":{"name":"(anonymous_1)","decl":{"start":{"line":99,"column":35},"end":{"line":99,"column":36}},"loc":{"start":{"line":99,"column":44},"end":{"line":102,"column":3}},"line":99},"2":{"name":"(anonymous_2)","decl":{"start":{"line":101,"column":17},"end":{"line":101,"column":18}},"loc":{"start":{"line":101,"column":23},"end":{"line":101,"column":38}},"line":101}},"branchMap":{"0":{"loc":{"start":{"line":15,"column":0},"end":{"line":19,"column":1}},"type":"if","locations":[{"start":{"line":15,"column":0},"end":{"line":19,"column":1}},{"start":{"line":17,"column":7},"end":{"line":19,"column":1}}],"line":15},"1":{"loc":{"start":{"line":91,"column":0},"end":{"line":103,"column":1}},"type":"if","locations":[{"start":{"line":91,"column":0},"end":{"line":103,"column":1}},{"start":{},"end":{}}],"line":91},"2":{"loc":{"start":{"line":92,"column":15},"end":{"line":92,"column":39}},"type":"binary-expr","locations":[{"start":{"line":92,"column":15},"end":{"line":92,"column":31}},{"start":{"line":92,"column":35},"end":{"line":92,"column":39}}],"line":92}},"s":{"0":3,"1":3,"2":3,"3":3,"4":3,"5":3,"6":3,"7":3,"8":3,"9":3,"10":3,"11":3,"12":3,"13":3,"14":0,"15":3,"16":3,"17":3,"18":3,"19":3,"20":3,"21":3,"22":3,"23":3,"24":3,"25":3,"26":3,"27":3,"28":3,"29":3,"30":3,"31":3,"32":3,"33":3,"34":3,"35":3,"36":3,"37":3,"38":3,"39":3,"40":3,"41":0,"42":0,"43":0,"44":0,"45":0,"46":0,"47":0},"f":{"0":0,"1":0,"2":0},"b":{"0":[3,0],"1":[0,3],"2":[0,0]},"_coverageSchema":"1a1c01bbd47fc00a2c39e90264f33305004495a9","hash":"6d0f7ea3db2732de8ec18c64cf1ebb68283a48c0"}
,"/Users/phoovich/Documents/CEDT/Year1_2/SE/se-project-backend-7_fivem/config/db.js": {"path":"/Users/phoovich/Documents/CEDT/Year1_2/SE/se-project-backend-7_fivem/config/db.js","statementMap":{"0":{"start":{"line":1,"column":17},"end":{"line":1,"column":36}},"1":{"start":{"line":2,"column":18},"end":{"line":11,"column":1}},"2":{"start":{"line":3,"column":2},"end":{"line":3,"column":36}},"3":{"start":{"line":4,"column":2},"end":{"line":10,"column":3}},"4":{"start":{"line":5,"column":17},"end":{"line":5,"column":62}},"5":{"start":{"line":6,"column":4},"end":{"line":6,"column":62}},"6":{"start":{"line":8,"column":4},"end":{"line":8,"column":45}},"7":{"start":{"line":9,"column":4},"end":{"line":9,"column":20}},"8":{"start":{"line":12,"column":0},"end":{"line":12,"column":27}}},"fnMap":{"0":{"name":"(anonymous_0)","decl":{"start":{"line":2,"column":18},"end":{"line":2,"column":19}},"loc":{"start":{"line":2,"column":30},"end":{"line":11,"column":1}},"line":2}},"branchMap":{},"s":{"0":3,"1":3,"2":3,"3":3,"4":3,"5":3,"6":0,"7":0,"8":3},"f":{"0":3},"b":{},"_coverageSchema":"1a1c01bbd47fc00a2c39e90264f33305004495a9","hash":"2eee96d55e3e585c6e45e9caea39824cc65057fe"}
,"/Users/phoovich/Documents/CEDT/Year1_2/SE/se-project-backend-7_fivem/controllers/auth.js": {"path":"/Users/phoovich/Documents/CEDT/Year1_2/SE/se-project-backend-7_fivem/controllers/auth.js","statementMap":{"0":{"start":{"line":1,"column":13},"end":{"line":1,"column":38}},"1":{"start":{"line":6,"column":0},"end":{"line":24,"column":2}},"2":{"start":{"line":7,"column":4},"end":{"line":23,"column":5}},"3":{"start":{"line":8,"column":53},"end":{"line":8,"column":61}},"4":{"start":{"line":11,"column":21},"end":{"line":17,"column":10}},"5":{"start":{"line":19,"column":8},"end":{"line":19,"column":42}},"6":{"start":{"line":21,"column":8},"end":{"line":21,"column":46}},"7":{"start":{"line":22,"column":8},"end":{"line":22,"column":31}},"8":{"start":{"line":29,"column":0},"end":{"line":53,"column":2}},"9":{"start":{"line":32,"column":36},"end":{"line":32,"column":44}},"10":{"start":{"line":35,"column":8},"end":{"line":37,"column":9}},"11":{"start":{"line":36,"column":12},"end":{"line":36,"column":98}},"12":{"start":{"line":40,"column":21},"end":{"line":40,"column":70}},"13":{"start":{"line":41,"column":8},"end":{"line":43,"column":9}},"14":{"start":{"line":42,"column":12},"end":{"line":42,"column":84}},"15":{"start":{"line":46,"column":24},"end":{"line":46,"column":58}},"16":{"start":{"line":47,"column":8},"end":{"line":49,"column":9}},"17":{"start":{"line":48,"column":12},"end":{"line":48,"column":84}},"18":{"start":{"line":51,"column":8},"end":{"line":51,"column":42}},"19":{"start":{"line":56,"column":26},"end":{"line":73,"column":1}},"20":{"start":{"line":58,"column":18},"end":{"line":58,"column":42}},"21":{"start":{"line":60,"column":20},"end":{"line":63,"column":5}},"22":{"start":{"line":65,"column":4},"end":{"line":67,"column":5}},"23":{"start":{"line":66,"column":8},"end":{"line":66,"column":30}},"24":{"start":{"line":69,"column":4},"end":{"line":72,"column":11}},"25":{"start":{"line":78,"column":0},"end":{"line":81,"column":2}},"26":{"start":{"line":79,"column":17},"end":{"line":79,"column":49}},"27":{"start":{"line":80,"column":4},"end":{"line":80,"column":52}},"28":{"start":{"line":86,"column":0},"end":{"line":92,"column":2}},"29":{"start":{"line":87,"column":4},"end":{"line":90,"column":7}},"30":{"start":{"line":91,"column":4},"end":{"line":91,"column":50}}},"fnMap":{"0":{"name":"(anonymous_0)","decl":{"start":{"line":6,"column":19},"end":{"line":6,"column":20}},"loc":{"start":{"line":6,"column":45},"end":{"line":24,"column":1}},"line":6},"1":{"name":"(anonymous_1)","decl":{"start":{"line":29,"column":16},"end":{"line":29,"column":17}},"loc":{"start":{"line":29,"column":42},"end":{"line":53,"column":1}},"line":29},"2":{"name":"(anonymous_2)","decl":{"start":{"line":56,"column":26},"end":{"line":56,"column":27}},"loc":{"start":{"line":56,"column":53},"end":{"line":73,"column":1}},"line":56},"3":{"name":"(anonymous_3)","decl":{"start":{"line":78,"column":16},"end":{"line":78,"column":17}},"loc":{"start":{"line":78,"column":42},"end":{"line":81,"column":1}},"line":78},"4":{"name":"(anonymous_4)","decl":{"start":{"line":86,"column":17},"end":{"line":86,"column":18}},"loc":{"start":{"line":86,"column":43},"end":{"line":92,"column":1}},"line":86}},"branchMap":{"0":{"loc":{"start":{"line":35,"column":8},"end":{"line":37,"column":9}},"type":"if","locations":[{"start":{"line":35,"column":8},"end":{"line":37,"column":9}},{"start":{},"end":{}}],"line":35},"1":{"loc":{"start":{"line":35,"column":11},"end":{"line":35,"column":30}},"type":"binary-expr","locations":[{"start":{"line":35,"column":11},"end":{"line":35,"column":17}},{"start":{"line":35,"column":21},"end":{"line":35,"column":30}}],"line":35},"2":{"loc":{"start":{"line":41,"column":8},"end":{"line":43,"column":9}},"type":"if","locations":[{"start":{"line":41,"column":8},"end":{"line":43,"column":9}},{"start":{},"end":{}}],"line":41},"3":{"loc":{"start":{"line":47,"column":8},"end":{"line":49,"column":9}},"type":"if","locations":[{"start":{"line":47,"column":8},"end":{"line":49,"column":9}},{"start":{},"end":{}}],"line":47},"4":{"loc":{"start":{"line":65,"column":4},"end":{"line":67,"column":5}},"type":"if","locations":[{"start":{"line":65,"column":4},"end":{"line":67,"column":5}},{"start":{},"end":{}}],"line":65}},"s":{"0":3,"1":3,"2":3,"3":3,"4":3,"5":2,"6":1,"7":1,"8":3,"9":7,"10":7,"11":2,"12":5,"13":5,"14":1,"15":4,"16":4,"17":1,"18":3,"19":3,"20":5,"21":5,"22":5,"23":1,"24":5,"25":3,"26":1,"27":1,"28":3,"29":1,"30":1},"f":{"0":3,"1":7,"2":5,"3":1,"4":1},"b":{"0":[2,5],"1":[7,6],"2":[1,4],"3":[1,3],"4":[1,4]},"_coverageSchema":"1a1c01bbd47fc00a2c39e90264f33305004495a9","hash":"f4b339c1a4f7a0640809732ff2dde7e6e861af82"}
,"/Users/phoovich/Documents/CEDT/Year1_2/SE/se-project-backend-7_fivem/controllers/bookings.js": {"path":"/Users/phoovich/Documents/CEDT/Year1_2/SE/se-project-backend-7_fivem/controllers/bookings.js","statementMap":{"0":{"start":{"line":1,"column":16},"end":{"line":1,"column":44}},"1":{"start":{"line":2,"column":19},"end":{"line":2,"column":50}},"2":{"start":{"line":3,"column":17},"end":{"line":3,"column":41}},"3":{"start":{"line":4,"column":20},"end":{"line":4,"column":52}},"4":{"start":{"line":9,"column":0},"end":{"line":42,"column":2}},"5":{"start":{"line":12,"column":2},"end":{"line":30,"column":3}},"6":{"start":{"line":13,"column":4},"end":{"line":16,"column":7}},"7":{"start":{"line":19,"column":4},"end":{"line":29,"column":9}},"8":{"start":{"line":20,"column":6},"end":{"line":20,"column":43}},"9":{"start":{"line":21,"column":6},"end":{"line":24,"column":9}},"10":{"start":{"line":26,"column":6},"end":{"line":29,"column":9}},"11":{"start":{"line":31,"column":2},"end":{"line":41,"column":3}},"12":{"start":{"line":32,"column":21},"end":{"line":32,"column":32}},"13":{"start":{"line":33,"column":4},"end":{"line":35,"column":71}},"14":{"start":{"line":37,"column":4},"end":{"line":37,"column":21}},"15":{"start":{"line":38,"column":4},"end":{"line":40,"column":64}},"16":{"start":{"line":47,"column":0},"end":{"line":67,"column":2}},"17":{"start":{"line":48,"column":2},"end":{"line":66,"column":3}},"18":{"start":{"line":49,"column":20},"end":{"line":52,"column":6}},"19":{"start":{"line":53,"column":4},"end":{"line":58,"column":5}},"20":{"start":{"line":54,"column":6},"end":{"line":57,"column":9}},"21":{"start":{"line":60,"column":4},"end":{"line":60,"column":59}},"22":{"start":{"line":62,"column":4},"end":{"line":62,"column":21}},"23":{"start":{"line":63,"column":4},"end":{"line":65,"column":64}},"24":{"start":{"line":72,"column":0},"end":{"line":139,"column":2}},"25":{"start":{"line":73,"column":2},"end":{"line":138,"column":3}},"26":{"start":{"line":74,"column":4},"end":{"line":74,"column":50}},"27":{"start":{"line":76,"column":23},"end":{"line":76,"column":73}},"28":{"start":{"line":77,"column":4},"end":{"line":82,"column":5}},"29":{"start":{"line":78,"column":6},"end":{"line":81,"column":9}},"30":{"start":{"line":85,"column":4},"end":{"line":85,"column":32}},"31":{"start":{"line":88,"column":27},"end":{"line":88,"column":68}},"32":{"start":{"line":91,"column":21},"end":{"line":91,"column":48}},"33":{"start":{"line":92,"column":4},"end":{"line":97,"column":5}},"34":{"start":{"line":93,"column":6},"end":{"line":96,"column":9}},"35":{"start":{"line":100,"column":4},"end":{"line":105,"column":5}},"36":{"start":{"line":101,"column":6},"end":{"line":104,"column":9}},"37":{"start":{"line":106,"column":4},"end":{"line":111,"column":5}},"38":{"start":{"line":107,"column":6},"end":{"line":110,"column":9}},"39":{"start":{"line":114,"column":20},"end":{"line":114,"column":50}},"40":{"start":{"line":117,"column":24},"end":{"line":124,"column":6}},"41":{"start":{"line":126,"column":4},"end":{"line":132,"column":7}},"42":{"start":{"line":134,"column":4},"end":{"line":134,"column":21}},"43":{"start":{"line":135,"column":4},"end":{"line":137,"column":66}},"44":{"start":{"line":144,"column":0},"end":{"line":173,"column":2}},"45":{"start":{"line":145,"column":2},"end":{"line":172,"column":3}},"46":{"start":{"line":146,"column":18},"end":{"line":146,"column":55}},"47":{"start":{"line":147,"column":4},"end":{"line":152,"column":5}},"48":{"start":{"line":148,"column":6},"end":{"line":151,"column":9}},"49":{"start":{"line":155,"column":4},"end":{"line":160,"column":5}},"50":{"start":{"line":156,"column":6},"end":{"line":159,"column":9}},"51":{"start":{"line":162,"column":4},"end":{"line":165,"column":7}},"52":{"start":{"line":166,"column":4},"end":{"line":166,"column":59}},"53":{"start":{"line":168,"column":4},"end":{"line":168,"column":21}},"54":{"start":{"line":169,"column":4},"end":{"line":171,"column":66}},"55":{"start":{"line":178,"column":0},"end":{"line":206,"column":2}},"56":{"start":{"line":179,"column":2},"end":{"line":205,"column":3}},"57":{"start":{"line":180,"column":20},"end":{"line":180,"column":57}},"58":{"start":{"line":181,"column":4},"end":{"line":186,"column":5}},"59":{"start":{"line":182,"column":6},"end":{"line":185,"column":9}},"60":{"start":{"line":189,"column":4},"end":{"line":194,"column":5}},"61":{"start":{"line":190,"column":6},"end":{"line":193,"column":9}},"62":{"start":{"line":196,"column":4},"end":{"line":196,"column":58}},"63":{"start":{"line":197,"column":4},"end":{"line":197,"column":30}},"64":{"start":{"line":199,"column":4},"end":{"line":199,"column":54}},"65":{"start":{"line":201,"column":4},"end":{"line":201,"column":21}},"66":{"start":{"line":202,"column":4},"end":{"line":204,"column":66}},"67":{"start":{"line":209,"column":30},"end":{"line":223,"column":1}},"68":{"start":{"line":210,"column":2},"end":{"line":222,"column":3}},"69":{"start":{"line":211,"column":16},"end":{"line":211,"column":26}},"70":{"start":{"line":212,"column":28},"end":{"line":212,"column":74}},"71":{"start":{"line":214,"column":4},"end":{"line":219,"column":5}},"72":{"start":{"line":215,"column":6},"end":{"line":215,"column":59}},"73":{"start":{"line":216,"column":6},"end":{"line":216,"column":73}},"74":{"start":{"line":218,"column":6},"end":{"line":218,"column":48}},"75":{"start":{"line":221,"column":4},"end":{"line":221,"column":59}},"76":{"start":{"line":227,"column":0},"end":{"line":229,"column":1}},"77":{"start":{"line":228,"column":2},"end":{"line":228,"column":59}}},"fnMap":{"0":{"name":"(anonymous_0)","decl":{"start":{"line":9,"column":22},"end":{"line":9,"column":23}},"loc":{"start":{"line":9,"column":48},"end":{"line":42,"column":1}},"line":9},"1":{"name":"(anonymous_1)","decl":{"start":{"line":47,"column":21},"end":{"line":47,"column":22}},"loc":{"start":{"line":47,"column":47},"end":{"line":67,"column":1}},"line":47},"2":{"name":"(anonymous_2)","decl":{"start":{"line":72,"column":21},"end":{"line":72,"column":22}},"loc":{"start":{"line":72,"column":47},"end":{"line":139,"column":1}},"line":72},"3":{"name":"(anonymous_3)","decl":{"start":{"line":144,"column":24},"end":{"line":144,"column":25}},"loc":{"start":{"line":144,"column":50},"end":{"line":173,"column":1}},"line":144},"4":{"name":"(anonymous_4)","decl":{"start":{"line":178,"column":24},"end":{"line":178,"column":25}},"loc":{"start":{"line":178,"column":50},"end":{"line":206,"column":1}},"line":178},"5":{"name":"(anonymous_5)","decl":{"start":{"line":209,"column":30},"end":{"line":209,"column":31}},"loc":{"start":{"line":209,"column":42},"end":{"line":223,"column":1}},"line":209}},"branchMap":{"0":{"loc":{"start":{"line":12,"column":2},"end":{"line":30,"column":3}},"type":"if","locations":[{"start":{"line":12,"column":2},"end":{"line":30,"column":3}},{"start":{"line":17,"column":9},"end":{"line":30,"column":3}}],"line":12},"1":{"loc":{"start":{"line":19,"column":4},"end":{"line":29,"column":9}},"type":"if","locations":[{"start":{"line":19,"column":4},"end":{"line":29,"column":9}},{"start":{"line":26,"column":6},"end":{"line":29,"column":9}}],"line":19},"2":{"loc":{"start":{"line":53,"column":4},"end":{"line":58,"column":5}},"type":"if","locations":[{"start":{"line":53,"column":4},"end":{"line":58,"column":5}},{"start":{},"end":{}}],"line":53},"3":{"loc":{"start":{"line":77,"column":4},"end":{"line":82,"column":5}},"type":"if","locations":[{"start":{"line":77,"column":4},"end":{"line":82,"column":5}},{"start":{},"end":{}}],"line":77},"4":{"loc":{"start":{"line":92,"column":4},"end":{"line":97,"column":5}},"type":"if","locations":[{"start":{"line":92,"column":4},"end":{"line":97,"column":5}},{"start":{},"end":{}}],"line":92},"5":{"loc":{"start":{"line":100,"column":4},"end":{"line":105,"column":5}},"type":"if","locations":[{"start":{"line":100,"column":4},"end":{"line":105,"column":5}},{"start":{},"end":{}}],"line":100},"6":{"loc":{"start":{"line":100,"column":8},"end":{"line":100,"column":63}},"type":"binary-expr","locations":[{"start":{"line":100,"column":8},"end":{"line":100,"column":33}},{"start":{"line":100,"column":37},"end":{"line":100,"column":63}}],"line":100},"7":{"loc":{"start":{"line":106,"column":4},"end":{"line":111,"column":5}},"type":"if","locations":[{"start":{"line":106,"column":4},"end":{"line":111,"column":5}},{"start":{},"end":{}}],"line":106},"8":{"loc":{"start":{"line":147,"column":4},"end":{"line":152,"column":5}},"type":"if","locations":[{"start":{"line":147,"column":4},"end":{"line":152,"column":5}},{"start":{},"end":{}}],"line":147},"9":{"loc":{"start":{"line":155,"column":4},"end":{"line":160,"column":5}},"type":"if","locations":[{"start":{"line":155,"column":4},"end":{"line":160,"column":5}},{"start":{},"end":{}}],"line":155},"10":{"loc":{"start":{"line":155,"column":8},"end":{"line":155,"column":76}},"type":"binary-expr","locations":[{"start":{"line":155,"column":8},"end":{"line":155,"column":47}},{"start":{"line":155,"column":51},"end":{"line":155,"column":76}}],"line":155},"11":{"loc":{"start":{"line":181,"column":4},"end":{"line":186,"column":5}},"type":"if","locations":[{"start":{"line":181,"column":4},"end":{"line":186,"column":5}},{"start":{},"end":{}}],"line":181},"12":{"loc":{"start":{"line":189,"column":4},"end":{"line":194,"column":5}},"type":"if","locations":[{"start":{"line":189,"column":4},"end":{"line":194,"column":5}},{"start":{},"end":{}}],"line":189},"13":{"loc":{"start":{"line":189,"column":8},"end":{"line":189,"column":76}},"type":"binary-expr","locations":[{"start":{"line":189,"column":8},"end":{"line":189,"column":47}},{"start":{"line":189,"column":51},"end":{"line":189,"column":76}}],"line":189},"14":{"loc":{"start":{"line":214,"column":4},"end":{"line":219,"column":5}},"type":"if","locations":[{"start":{"line":214,"column":4},"end":{"line":219,"column":5}},{"start":{"line":217,"column":11},"end":{"line":219,"column":5}}],"line":214},"15":{"loc":{"start":{"line":227,"column":0},"end":{"line":229,"column":1}},"type":"if","locations":[{"start":{"line":227,"column":0},"end":{"line":229,"column":1}},{"start":{},"end":{}}],"line":227}},"s":{"0":3,"1":3,"2":3,"3":3,"4":3,"5":0,"6":0,"7":0,"8":0,"9":0,"10":0,"11":0,"12":0,"13":0,"14":0,"15":0,"16":3,"17":0,"18":0,"19":0,"20":0,"21":0,"22":0,"23":0,"24":3,"25":0,"26":0,"27":0,"28":0,"29":0,"30":0,"31":0,"32":0,"33":0,"34":0,"35":0,"36":0,"37":0,"38":0,"39":0,"40":0,"41":0,"42":0,"43":0,"44":3,"45":0,"46":0,"47":0,"48":0,"49":0,"50":0,"51":0,"52":0,"53":0,"54":0,"55":3,"56":0,"57":0,"58":0,"59":0,"60":0,"61":0,"62":0,"63":0,"64":0,"65":0,"66":0,"67":3,"68":0,"69":0,"70":0,"71":0,"72":0,"73":0,"74":0,"75":0,"76":3,"77":0},"f":{"0":0,"1":0,"2":0,"3":0,"4":0,"5":0},"b":{"0":[0,0],"1":[0,0],"2":[0,0],"3":[0,0],"4":[0,0],"5":[0,0],"6":[0,0],"7":[0,0],"8":[0,0],"9":[0,0],"10":[0,0],"11":[0,0],"12":[0,0],"13":[0,0],"14":[0,0],"15":[0,3]},"_coverageSchema":"1a1c01bbd47fc00a2c39e90264f33305004495a9","hash":"7ecfe9d737d9a63f7ac87ae7a843c3a1fabf8f8e"}
,"/Users/phoovich/Documents/CEDT/Year1_2/SE/se-project-backend-7_fivem/controllers/campgrounds.js": {"path":"/Users/phoovich/Documents/CEDT/Year1_2/SE/se-project-backend-7_fivem/controllers/campgrounds.js","statementMap":{"0":{"start":{"line":1,"column":16},"end":{"line":1,"column":44}},"1":{"start":{"line":2,"column":19},"end":{"line":2,"column":50}},"2":{"start":{"line":7,"column":0},"end":{"line":73,"column":2}},"3":{"start":{"line":11,"column":21},"end":{"line":11,"column":37}},"4":{"start":{"line":14,"column":25},"end":{"line":14,"column":60}},"5":{"start":{"line":17,"column":4},"end":{"line":17,"column":58}},"6":{"start":{"line":17,"column":34},"end":{"line":17,"column":56}},"7":{"start":{"line":20,"column":19},"end":{"line":20,"column":44}},"8":{"start":{"line":23,"column":4},"end":{"line":23,"column":81}},"9":{"start":{"line":23,"column":68},"end":{"line":23,"column":79}},"10":{"start":{"line":26,"column":4},"end":{"line":26,"column":71}},"11":{"start":{"line":29,"column":4},"end":{"line":32,"column":5}},"12":{"start":{"line":30,"column":23},"end":{"line":30,"column":60}},"13":{"start":{"line":31,"column":8},"end":{"line":31,"column":37}},"14":{"start":{"line":34,"column":4},"end":{"line":39,"column":5}},"15":{"start":{"line":35,"column":23},"end":{"line":35,"column":58}},"16":{"start":{"line":36,"column":8},"end":{"line":36,"column":35}},"17":{"start":{"line":38,"column":8},"end":{"line":38,"column":41}},"18":{"start":{"line":42,"column":17},"end":{"line":42,"column":50}},"19":{"start":{"line":43,"column":18},"end":{"line":43,"column":53}},"20":{"start":{"line":44,"column":23},"end":{"line":44,"column":41}},"21":{"start":{"line":45,"column":21},"end":{"line":45,"column":33}},"22":{"start":{"line":47,"column":4},"end":{"line":72,"column":5}},"23":{"start":{"line":48,"column":22},"end":{"line":48,"column":55}},"24":{"start":{"line":49,"column":8},"end":{"line":49,"column":52}},"25":{"start":{"line":51,"column":28},"end":{"line":51,"column":39}},"26":{"start":{"line":53,"column":27},"end":{"line":53,"column":29}},"27":{"start":{"line":55,"column":8},"end":{"line":60,"column":9}},"28":{"start":{"line":56,"column":12},"end":{"line":59,"column":14}},"29":{"start":{"line":62,"column":8},"end":{"line":67,"column":9}},"30":{"start":{"line":63,"column":12},"end":{"line":66,"column":14}},"31":{"start":{"line":69,"column":8},"end":{"line":69,"column":105}},"32":{"start":{"line":71,"column":8},"end":{"line":71,"column":49}},"33":{"start":{"line":78,"column":0},"end":{"line":91,"column":2}},"34":{"start":{"line":79,"column":4},"end":{"line":90,"column":5}},"35":{"start":{"line":80,"column":27},"end":{"line":83,"column":10}},"36":{"start":{"line":84,"column":8},"end":{"line":86,"column":9}},"37":{"start":{"line":85,"column":12},"end":{"line":85,"column":60}},"38":{"start":{"line":87,"column":8},"end":{"line":87,"column":66}},"39":{"start":{"line":89,"column":8},"end":{"line":89,"column":49}},"40":{"start":{"line":96,"column":0},"end":{"line":102,"column":2}},"41":{"start":{"line":97,"column":23},"end":{"line":97,"column":56}},"42":{"start":{"line":98,"column":4},"end":{"line":101,"column":7}},"43":{"start":{"line":107,"column":0},"end":{"line":121,"column":2}},"44":{"start":{"line":108,"column":3},"end":{"line":120,"column":5}},"45":{"start":{"line":109,"column":27},"end":{"line":113,"column":14}},"46":{"start":{"line":114,"column":8},"end":{"line":116,"column":9}},"47":{"start":{"line":115,"column":12},"end":{"line":115,"column":60}},"48":{"start":{"line":117,"column":8},"end":{"line":117,"column":66}},"49":{"start":{"line":119,"column":8},"end":{"line":119,"column":49}},"50":{"start":{"line":126,"column":0},"end":{"line":140,"column":2}},"51":{"start":{"line":127,"column":4},"end":{"line":139,"column":5}},"52":{"start":{"line":128,"column":27},"end":{"line":128,"column":67}},"53":{"start":{"line":129,"column":8},"end":{"line":131,"column":9}},"54":{"start":{"line":130,"column":12},"end":{"line":130,"column":119}},"55":{"start":{"line":132,"column":8},"end":{"line":132,"column":64}},"56":{"start":{"line":133,"column":8},"end":{"line":133,"column":59}},"57":{"start":{"line":135,"column":8},"end":{"line":135,"column":58}},"58":{"start":{"line":138,"column":8},"end":{"line":138,"column":49}}},"fnMap":{"0":{"name":"(anonymous_0)","decl":{"start":{"line":7,"column":25},"end":{"line":7,"column":26}},"loc":{"start":{"line":7,"column":51},"end":{"line":73,"column":1}},"line":7},"1":{"name":"(anonymous_1)","decl":{"start":{"line":17,"column":25},"end":{"line":17,"column":26}},"loc":{"start":{"line":17,"column":34},"end":{"line":17,"column":56}},"line":17},"2":{"name":"(anonymous_2)","decl":{"start":{"line":23,"column":59},"end":{"line":23,"column":60}},"loc":{"start":{"line":23,"column":68},"end":{"line":23,"column":79}},"line":23},"3":{"name":"(anonymous_3)","decl":{"start":{"line":78,"column":24},"end":{"line":78,"column":25}},"loc":{"start":{"line":78,"column":50},"end":{"line":91,"column":1}},"line":78},"4":{"name":"(anonymous_4)","decl":{"start":{"line":96,"column":27},"end":{"line":96,"column":28}},"loc":{"start":{"line":96,"column":53},"end":{"line":102,"column":1}},"line":96},"5":{"name":"(anonymous_5)","decl":{"start":{"line":107,"column":27},"end":{"line":107,"column":28}},"loc":{"start":{"line":107,"column":53},"end":{"line":121,"column":1}},"line":107},"6":{"name":"(anonymous_6)","decl":{"start":{"line":126,"column":27},"end":{"line":126,"column":28}},"loc":{"start":{"line":126,"column":53},"end":{"line":140,"column":1}},"line":126}},"branchMap":{"0":{"loc":{"start":{"line":29,"column":4},"end":{"line":32,"column":5}},"type":"if","locations":[{"start":{"line":29,"column":4},"end":{"line":32,"column":5}},{"start":{},"end":{}}],"line":29},"1":{"loc":{"start":{"line":34,"column":4},"end":{"line":39,"column":5}},"type":"if","locations":[{"start":{"line":34,"column":4},"end":{"line":39,"column":5}},{"start":{"line":37,"column":9},"end":{"line":39,"column":5}}],"line":34},"2":{"loc":{"start":{"line":42,"column":17},"end":{"line":42,"column":50}},"type":"binary-expr","locations":[{"start":{"line":42,"column":17},"end":{"line":42,"column":45}},{"start":{"line":42,"column":49},"end":{"line":42,"column":50}}],"line":42},"3":{"loc":{"start":{"line":43,"column":18},"end":{"line":43,"column":53}},"type":"binary-expr","locations":[{"start":{"line":43,"column":18},"end":{"line":43,"column":47}},{"start":{"line":43,"column":51},"end":{"line":43,"column":53}}],"line":43},"4":{"loc":{"start":{"line":55,"column":8},"end":{"line":60,"column":9}},"type":"if","locations":[{"start":{"line":55,"column":8},"end":{"line":60,"column":9}},{"start":{},"end":{}}],"line":55},"5":{"loc":{"start":{"line":62,"column":8},"end":{"line":67,"column":9}},"type":"if","locations":[{"start":{"line":62,"column":8},"end":{"line":67,"column":9}},{"start":{},"end":{}}],"line":62},"6":{"loc":{"start":{"line":84,"column":8},"end":{"line":86,"column":9}},"type":"if","locations":[{"start":{"line":84,"column":8},"end":{"line":86,"column":9}},{"start":{},"end":{}}],"line":84},"7":{"loc":{"start":{"line":114,"column":8},"end":{"line":116,"column":9}},"type":"if","locations":[{"start":{"line":114,"column":8},"end":{"line":116,"column":9}},{"start":{},"end":{}}],"line":114},"8":{"loc":{"start":{"line":129,"column":8},"end":{"line":131,"column":9}},"type":"if","locations":[{"start":{"line":129,"column":8},"end":{"line":131,"column":9}},{"start":{},"end":{}}],"line":129}},"s":{"0":3,"1":3,"2":3,"3":5,"4":5,"5":5,"6":20,"7":5,"8":5,"9":1,"10":5,"11":5,"12":1,"13":1,"14":5,"15":1,"16":1,"17":4,"18":5,"19":5,"20":5,"21":5,"22":5,"23":5,"24":5,"25":5,"26":4,"27":4,"28":1,"29":4,"30":1,"31":4,"32":1,"33":3,"34":3,"35":3,"36":2,"37":1,"38":1,"39":1,"40":3,"41":1,"42":1,"43":3,"44":3,"45":3,"46":2,"47":1,"48":1,"49":1,"50":3,"51":3,"52":3,"53":2,"54":1,"55":1,"56":1,"57":1,"58":1},"f":{"0":5,"1":20,"2":1,"3":3,"4":1,"5":3,"6":3},"b":{"0":[1,4],"1":[1,4],"2":[5,4],"3":[5,4],"4":[1,3],"5":[1,3],"6":[1,1],"7":[1,1],"8":[1,1]},"_coverageSchema":"1a1c01bbd47fc00a2c39e90264f33305004495a9","hash":"fd6c30ca880d096fb8c67a218e4fb138cdbe7aaf"}
,"/Users/phoovich/Documents/CEDT/Year1_2/SE/se-project-backend-7_fivem/controllers/paymentmethods.js": {"path":"/Users/phoovich/Documents/CEDT/Year1_2/SE/se-project-backend-7_fivem/controllers/paymentmethods.js","statementMap":{"0":{"start":{"line":1,"column":22},"end":{"line":1,"column":56}},"1":{"start":{"line":6,"column":0},"end":{"line":15,"column":2}},"2":{"start":{"line":7,"column":2},"end":{"line":14,"column":3}},"3":{"start":{"line":8,"column":20},"end":{"line":8,"column":67}},"4":{"start":{"line":9,"column":4},"end":{"line":11,"column":69}},"5":{"start":{"line":13,"column":4},"end":{"line":13,"column":68}},"6":{"start":{"line":20,"column":0},"end":{"line":36,"column":2}},"7":{"start":{"line":21,"column":2},"end":{"line":35,"column":3}},"8":{"start":{"line":22,"column":26},"end":{"line":25,"column":5}},"9":{"start":{"line":26,"column":4},"end":{"line":30,"column":5}},"10":{"start":{"line":27,"column":6},"end":{"line":29,"column":69}},"11":{"start":{"line":32,"column":4},"end":{"line":32,"column":65}},"12":{"start":{"line":34,"column":4},"end":{"line":34,"column":65}},"13":{"start":{"line":41,"column":15},"end":{"line":41,"column":32}},"14":{"start":{"line":43,"column":0},"end":{"line":86,"column":2}},"15":{"start":{"line":44,"column":2},"end":{"line":85,"column":3}},"16":{"start":{"line":47,"column":4},"end":{"line":53,"column":5}},"17":{"start":{"line":48,"column":26},"end":{"line":51,"column":22}},"18":{"start":{"line":52,"column":6},"end":{"line":52,"column":79}},"19":{"start":{"line":55,"column":4},"end":{"line":63,"column":5}},"20":{"start":{"line":56,"column":26},"end":{"line":59,"column":22}},"21":{"start":{"line":60,"column":6},"end":{"line":62,"column":9}},"22":{"start":{"line":65,"column":4},"end":{"line":69,"column":5}},"23":{"start":{"line":66,"column":6},"end":{"line":68,"column":74}},"24":{"start":{"line":71,"column":17},"end":{"line":79,"column":5}},"25":{"start":{"line":81,"column":26},"end":{"line":81,"column":58}},"26":{"start":{"line":82,"column":4},"end":{"line":82,"column":65}},"27":{"start":{"line":84,"column":4},"end":{"line":84,"column":65}},"28":{"start":{"line":91,"column":0},"end":{"line":150,"column":2}},"29":{"start":{"line":92,"column":2},"end":{"line":149,"column":3}},"30":{"start":{"line":93,"column":17},"end":{"line":95,"column":5}},"31":{"start":{"line":97,"column":4},"end":{"line":101,"column":5}},"32":{"start":{"line":98,"column":6},"end":{"line":100,"column":69}},"33":{"start":{"line":103,"column":4},"end":{"line":105,"column":5}},"34":{"start":{"line":104,"column":6},"end":{"line":104,"column":79}},"35":{"start":{"line":107,"column":4},"end":{"line":118,"column":5}},"36":{"start":{"line":108,"column":6},"end":{"line":108,"column":38}},"37":{"start":{"line":109,"column":6},"end":{"line":113,"column":7}},"38":{"start":{"line":110,"column":8},"end":{"line":110,"column":45}},"39":{"start":{"line":111,"column":8},"end":{"line":111,"column":36}},"40":{"start":{"line":112,"column":8},"end":{"line":112,"column":50}},"41":{"start":{"line":114,"column":6},"end":{"line":117,"column":7}},"42":{"start":{"line":115,"column":8},"end":{"line":115,"column":38}},"43":{"start":{"line":116,"column":8},"end":{"line":116,"column":43}},"44":{"start":{"line":120,"column":4},"end":{"line":126,"column":5}},"45":{"start":{"line":121,"column":6},"end":{"line":121,"column":46}},"46":{"start":{"line":122,"column":6},"end":{"line":125,"column":23}},"47":{"start":{"line":128,"column":4},"end":{"line":134,"column":5}},"48":{"start":{"line":129,"column":6},"end":{"line":129,"column":60}},"49":{"start":{"line":130,"column":6},"end":{"line":133,"column":23}},"50":{"start":{"line":136,"column":4},"end":{"line":138,"column":5}},"51":{"start":{"line":137,"column":6},"end":{"line":137,"column":42}},"52":{"start":{"line":140,"column":4},"end":{"line":142,"column":5}},"53":{"start":{"line":141,"column":6},"end":{"line":141,"column":34}},"54":{"start":{"line":144,"column":4},"end":{"line":144,"column":24}},"55":{"start":{"line":146,"column":4},"end":{"line":146,"column":58}},"56":{"start":{"line":148,"column":4},"end":{"line":148,"column":65}},"57":{"start":{"line":155,"column":0},"end":{"line":175,"column":2}},"58":{"start":{"line":156,"column":2},"end":{"line":174,"column":3}},"59":{"start":{"line":157,"column":19},"end":{"line":157,"column":62}},"60":{"start":{"line":159,"column":4},"end":{"line":163,"column":5}},"61":{"start":{"line":160,"column":6},"end":{"line":162,"column":69}},"62":{"start":{"line":166,"column":4},"end":{"line":168,"column":5}},"63":{"start":{"line":167,"column":6},"end":{"line":167,"column":79}},"64":{"start":{"line":170,"column":4},"end":{"line":170,"column":29}},"65":{"start":{"line":171,"column":4},"end":{"line":171,"column":54}},"66":{"start":{"line":173,"column":4},"end":{"line":173,"column":68}}},"fnMap":{"0":{"name":"(anonymous_0)","decl":{"start":{"line":6,"column":28},"end":{"line":6,"column":29}},"loc":{"start":{"line":6,"column":48},"end":{"line":15,"column":1}},"line":6},"1":{"name":"(anonymous_1)","decl":{"start":{"line":20,"column":27},"end":{"line":20,"column":28}},"loc":{"start":{"line":20,"column":47},"end":{"line":36,"column":1}},"line":20},"2":{"name":"(anonymous_2)","decl":{"start":{"line":43,"column":27},"end":{"line":43,"column":28}},"loc":{"start":{"line":43,"column":47},"end":{"line":86,"column":1}},"line":43},"3":{"name":"(anonymous_3)","decl":{"start":{"line":91,"column":30},"end":{"line":91,"column":31}},"loc":{"start":{"line":91,"column":50},"end":{"line":150,"column":1}},"line":91},"4":{"name":"(anonymous_4)","decl":{"start":{"line":155,"column":30},"end":{"line":155,"column":31}},"loc":{"start":{"line":155,"column":50},"end":{"line":175,"column":1}},"line":155}},"branchMap":{"0":{"loc":{"start":{"line":26,"column":4},"end":{"line":30,"column":5}},"type":"if","locations":[{"start":{"line":26,"column":4},"end":{"line":30,"column":5}},{"start":{},"end":{}}],"line":26},"1":{"loc":{"start":{"line":47,"column":4},"end":{"line":53,"column":5}},"type":"if","locations":[{"start":{"line":47,"column":4},"end":{"line":53,"column":5}},{"start":{},"end":{}}],"line":47},"2":{"loc":{"start":{"line":47,"column":8},"end":{"line":47,"column":64}},"type":"binary-expr","locations":[{"start":{"line":47,"column":8},"end":{"line":47,"column":41}},{"start":{"line":47,"column":45},"end":{"line":47,"column":64}}],"line":47},"3":{"loc":{"start":{"line":55,"column":4},"end":{"line":63,"column":5}},"type":"if","locations":[{"start":{"line":55,"column":4},"end":{"line":63,"column":5}},{"start":{},"end":{}}],"line":55},"4":{"loc":{"start":{"line":55,"column":8},"end":{"line":55,"column":72}},"type":"binary-expr","locations":[{"start":{"line":55,"column":8},"end":{"line":55,"column":42}},{"start":{"line":55,"column":46},"end":{"line":55,"column":72}}],"line":55},"5":{"loc":{"start":{"line":65,"column":4},"end":{"line":69,"column":5}},"type":"if","locations":[{"start":{"line":65,"column":4},"end":{"line":69,"column":5}},{"start":{},"end":{}}],"line":65},"6":{"loc":{"start":{"line":97,"column":4},"end":{"line":101,"column":5}},"type":"if","locations":[{"start":{"line":97,"column":4},"end":{"line":101,"column":5}},{"start":{},"end":{}}],"line":97},"7":{"loc":{"start":{"line":103,"column":4},"end":{"line":105,"column":5}},"type":"if","locations":[{"start":{"line":103,"column":4},"end":{"line":105,"column":5}},{"start":{},"end":{}}],"line":103},"8":{"loc":{"start":{"line":107,"column":4},"end":{"line":118,"column":5}},"type":"if","locations":[{"start":{"line":107,"column":4},"end":{"line":118,"column":5}},{"start":{},"end":{}}],"line":107},"9":{"loc":{"start":{"line":107,"column":8},"end":{"line":107,"column":60}},"type":"binary-expr","locations":[{"start":{"line":107,"column":8},"end":{"line":107,"column":23}},{"start":{"line":107,"column":27},"end":{"line":107,"column":60}}],"line":107},"10":{"loc":{"start":{"line":109,"column":6},"end":{"line":113,"column":7}},"type":"if","locations":[{"start":{"line":109,"column":6},"end":{"line":113,"column":7}},{"start":{},"end":{}}],"line":109},"11":{"loc":{"start":{"line":114,"column":6},"end":{"line":117,"column":7}},"type":"if","locations":[{"start":{"line":114,"column":6},"end":{"line":117,"column":7}},{"start":{},"end":{}}],"line":114},"12":{"loc":{"start":{"line":120,"column":4},"end":{"line":126,"column":5}},"type":"if","locations":[{"start":{"line":120,"column":4},"end":{"line":126,"column":5}},{"start":{},"end":{}}],"line":120},"13":{"loc":{"start":{"line":128,"column":4},"end":{"line":134,"column":5}},"type":"if","locations":[{"start":{"line":128,"column":4},"end":{"line":134,"column":5}},{"start":{},"end":{}}],"line":128},"14":{"loc":{"start":{"line":136,"column":4},"end":{"line":138,"column":5}},"type":"if","locations":[{"start":{"line":136,"column":4},"end":{"line":138,"column":5}},{"start":{},"end":{}}],"line":136},"15":{"loc":{"start":{"line":140,"column":4},"end":{"line":142,"column":5}},"type":"if","locations":[{"start":{"line":140,"column":4},"end":{"line":142,"column":5}},{"start":{},"end":{}}],"line":140},"16":{"loc":{"start":{"line":159,"column":4},"end":{"line":163,"column":5}},"type":"if","locations":[{"start":{"line":159,"column":4},"end":{"line":163,"column":5}},{"start":{},"end":{}}],"line":159},"17":{"loc":{"start":{"line":166,"column":4},"end":{"line":168,"column":5}},"type":"if","locations":[{"start":{"line":166,"column":4},"end":{"line":168,"column":5}},{"start":{},"end":{}}],"line":166}},"s":{"0":3,"1":3,"2":0,"3":0,"4":0,"5":0,"6":3,"7":0,"8":0,"9":0,"10":0,"11":0,"12":0,"13":3,"14":3,"15":0,"16":0,"17":0,"18":0,"19":0,"20":0,"21":0,"22":0,"23":0,"24":0,"25":0,"26":0,"27":0,"28":3,"29":0,"30":0,"31":0,"32":0,"33":0,"34":0,"35":0,"36":0,"37":0,"38":0,"39":0,"40":0,"41":0,"42":0,"43":0,"44":0,"45":0,"46":0,"47":0,"48":0,"49":0,"50":0,"51":0,"52":0,"53":0,"54":0,"55":0,"56":0,"57":3,"58":0,"59":0,"60":0,"61":0,"62":0,"63":0,"64":0,"65":0,"66":0},"f":{"0":0,"1":0,"2":0,"3":0,"4":0},"b":{"0":[0,0],"1":[0,0],"2":[0,0],"3":[0,0],"4":[0,0],"5":[0,0],"6":[0,0],"7":[0,0],"8":[0,0],"9":[0,0],"10":[0,0],"11":[0,0],"12":[0,0],"13":[0,0],"14":[0,0],"15":[0,0],"16":[0,0],"17":[0,0]},"_coverageSchema":"1a1c01bbd47fc00a2c39e90264f33305004495a9","hash":"d5451caf423dac1757811204a80c59412ac5031b"}
,"/Users/phoovich/Documents/CEDT/Year1_2/SE/se-project-backend-7_fivem/controllers/transaction.js": {"path":"/Users/phoovich/Documents/CEDT/Year1_2/SE/se-project-backend-7_fivem/controllers/transaction.js","statementMap":{"0":{"start":{"line":1,"column":20},"end":{"line":1,"column":52}},"1":{"start":{"line":6,"column":0},"end":{"line":23,"column":2}},"2":{"start":{"line":7,"column":2},"end":{"line":22,"column":3}},"3":{"start":{"line":8,"column":24},"end":{"line":11,"column":51}},"4":{"start":{"line":13,"column":4},"end":{"line":17,"column":5}},"5":{"start":{"line":14,"column":6},"end":{"line":16,"column":66}},"6":{"start":{"line":19,"column":4},"end":{"line":19,"column":63}},"7":{"start":{"line":21,"column":4},"end":{"line":21,"column":65}},"8":{"start":{"line":28,"column":0},"end":{"line":48,"column":2}},"9":{"start":{"line":29,"column":2},"end":{"line":47,"column":3}},"10":{"start":{"line":31,"column":18},"end":{"line":31,"column":72}},"11":{"start":{"line":33,"column":25},"end":{"line":35,"column":51}},"12":{"start":{"line":37,"column":4},"end":{"line":41,"column":7}},"13":{"start":{"line":43,"column":4},"end":{"line":46,"column":7}}},"fnMap":{"0":{"name":"(anonymous_0)","decl":{"start":{"line":6,"column":25},"end":{"line":6,"column":26}},"loc":{"start":{"line":6,"column":45},"end":{"line":23,"column":1}},"line":6},"1":{"name":"(anonymous_1)","decl":{"start":{"line":28,"column":26},"end":{"line":28,"column":27}},"loc":{"start":{"line":28,"column":46},"end":{"line":48,"column":1}},"line":28}},"branchMap":{"0":{"loc":{"start":{"line":13,"column":4},"end":{"line":17,"column":5}},"type":"if","locations":[{"start":{"line":13,"column":4},"end":{"line":17,"column":5}},{"start":{},"end":{}}],"line":13},"1":{"loc":{"start":{"line":31,"column":18},"end":{"line":31,"column":72}},"type":"cond-expr","locations":[{"start":{"line":31,"column":46},"end":{"line":31,"column":48}},{"start":{"line":31,"column":51},"end":{"line":31,"column":72}}],"line":31}},"s":{"0":3,"1":3,"2":0,"3":0,"4":0,"5":0,"6":0,"7":0,"8":3,"9":0,"10":0,"11":0,"12":0,"13":0},"f":{"0":0,"1":0},"b":{"0":[0,0],"1":[0,0]},"_coverageSchema":"1a1c01bbd47fc00a2c39e90264f33305004495a9","hash":"0a99489f51fba9385697408cc55aaa93d53fe32c"}
,"/Users/phoovich/Documents/CEDT/Year1_2/SE/se-project-backend-7_fivem/middleware/auth.js": {"path":"/Users/phoovich/Documents/CEDT/Year1_2/SE/se-project-backend-7_fivem/middleware/auth.js","statementMap":{"0":{"start":{"line":1,"column":12},"end":{"line":1,"column":35}},"1":{"start":{"line":2,"column":13},"end":{"line":2,"column":38}},"2":{"start":{"line":5,"column":0},"end":{"line":30,"column":2}},"3":{"start":{"line":8,"column":4},"end":{"line":10,"column":5}},"4":{"start":{"line":9,"column":8},"end":{"line":9,"column":56}},"5":{"start":{"line":13,"column":4},"end":{"line":15,"column":5}},"6":{"start":{"line":14,"column":8},"end":{"line":14,"column":95}},"7":{"start":{"line":17,"column":4},"end":{"line":29,"column":5}},"8":{"start":{"line":19,"column":24},"end":{"line":19,"column":65}},"9":{"start":{"line":21,"column":8},"end":{"line":21,"column":29}},"10":{"start":{"line":23,"column":8},"end":{"line":23,"column":51}},"11":{"start":{"line":25,"column":8},"end":{"line":25,"column":15}},"12":{"start":{"line":27,"column":8},"end":{"line":27,"column":31}},"13":{"start":{"line":28,"column":8},"end":{"line":28,"column":95}},"14":{"start":{"line":32,"column":0},"end":{"line":39,"column":2}},"15":{"start":{"line":33,"column":4},"end":{"line":38,"column":5}},"16":{"start":{"line":34,"column":8},"end":{"line":36,"column":9}},"17":{"start":{"line":35,"column":12},"end":{"line":35,"column":130}},"18":{"start":{"line":37,"column":8},"end":{"line":37,"column":15}}},"fnMap":{"0":{"name":"(anonymous_0)","decl":{"start":{"line":5,"column":18},"end":{"line":5,"column":19}},"loc":{"start":{"line":5,"column":44},"end":{"line":30,"column":1}},"line":5},"1":{"name":"(anonymous_1)","decl":{"start":{"line":32,"column":20},"end":{"line":32,"column":21}},"loc":{"start":{"line":32,"column":34},"end":{"line":39,"column":1}},"line":32},"2":{"name":"(anonymous_2)","decl":{"start":{"line":33,"column":11},"end":{"line":33,"column":12}},"loc":{"start":{"line":33,"column":31},"end":{"line":38,"column":5}},"line":33}},"branchMap":{"0":{"loc":{"start":{"line":8,"column":4},"end":{"line":10,"column":5}},"type":"if","locations":[{"start":{"line":8,"column":4},"end":{"line":10,"column":5}},{"start":{},"end":{}}],"line":8},"1":{"loc":{"start":{"line":8,"column":7},"end":{"line":8,"column":82}},"type":"binary-expr","locations":[{"start":{"line":8,"column":7},"end":{"line":8,"column":32}},{"start":{"line":8,"column":36},"end":{"line":8,"column":82}}],"line":8},"2":{"loc":{"start":{"line":13,"column":4},"end":{"line":15,"column":5}},"type":"if","locations":[{"start":{"line":13,"column":4},"end":{"line":15,"column":5}},{"start":{},"end":{}}],"line":13},"3":{"loc":{"start":{"line":13,"column":7},"end":{"line":13,"column":32}},"type":"binary-expr","locations":[{"start":{"line":13,"column":7},"end":{"line":13,"column":13}},{"start":{"line":13,"column":17},"end":{"line":13,"column":32}}],"line":13},"4":{"loc":{"start":{"line":34,"column":8},"end":{"line":36,"column":9}},"type":"if","locations":[{"start":{"line":34,"column":8},"end":{"line":36,"column":9}},{"start":{},"end":{}}],"line":34}},"s":{"0":3,"1":3,"2":3,"3":10,"4":8,"5":10,"6":2,"7":8,"8":8,"9":8,"10":8,"11":8,"12":0,"13":0,"14":3,"15":39,"16":7,"17":0,"18":7},"f":{"0":10,"1":39,"2":7},"b":{"0":[8,2],"1":[10,8],"2":[2,8],"3":[10,8],"4":[0,7]},"_coverageSchema":"1a1c01bbd47fc00a2c39e90264f33305004495a9","hash":"4e863e7c66c30a6bb5a5f239acdf7635e73d3f16"}
,"/Users/phoovich/Documents/CEDT/Year1_2/SE/se-project-backend-7_fivem/models/Booking.js": {"path":"/Users/phoovich/Documents/CEDT/Year1_2/SE/se-project-backend-7_fivem/models/Booking.js","statementMap":{"0":{"start":{"line":1,"column":17},"end":{"line":1,"column":36}},"1":{"start":{"line":3,"column":22},"end":{"line":22,"column":2}},"2":{"start":{"line":24,"column":0},"end":{"line":24,"column":58}}},"fnMap":{},"branchMap":{},"s":{"0":3,"1":3,"2":3},"f":{},"b":{},"_coverageSchema":"1a1c01bbd47fc00a2c39e90264f33305004495a9","hash":"8e83f312b90ac30655eb2005d97c9d4608c934c1"}
,"/Users/phoovich/Documents/CEDT/Year1_2/SE/se-project-backend-7_fivem/models/Campground.js": {"path":"/Users/phoovich/Documents/CEDT/Year1_2/SE/se-project-backend-7_fivem/models/Campground.js","statementMap":{"0":{"start":{"line":1,"column":17},"end":{"line":1,"column":36}},"1":{"start":{"line":3,"column":25},"end":{"line":45,"column":1}},"2":{"start":{"line":47,"column":0},"end":{"line":52,"column":3}},"3":{"start":{"line":53,"column":0},"end":{"line":53,"column":64}}},"fnMap":{},"branchMap":{},"s":{"0":3,"1":3,"2":3,"3":3},"f":{},"b":{},"_coverageSchema":"1a1c01bbd47fc00a2c39e90264f33305004495a9","hash":"6b8b0b8a5fedb60ee71b9ba2cafab7c8fa71b94f"}
,"/Users/phoovich/Documents/CEDT/Year1_2/SE/se-project-backend-7_fivem/models/PaymentMethod.js": {"path":"/Users/phoovich/Documents/CEDT/Year1_2/SE/se-project-backend-7_fivem/models/PaymentMethod.js","statementMap":{"0":{"start":{"line":1,"column":17},"end":{"line":1,"column":36}},"1":{"start":{"line":2,"column":15},"end":{"line":2,"column":32}},"2":{"start":{"line":4,"column":18},"end":{"line":15,"column":1}},"3":{"start":{"line":17,"column":28},"end":{"line":76,"column":2}},"4":{"start":{"line":38,"column":6},"end":{"line":38,"column":43}},"5":{"start":{"line":55,"column":6},"end":{"line":55,"column":44}},"6":{"start":{"line":68,"column":6},"end":{"line":68,"column":44}},"7":{"start":{"line":79,"column":0},"end":{"line":95,"column":3}},"8":{"start":{"line":80,"column":2},"end":{"line":85,"column":3}},"9":{"start":{"line":81,"column":4},"end":{"line":84,"column":21}},"10":{"start":{"line":87,"column":2},"end":{"line":92,"column":3}},"11":{"start":{"line":88,"column":4},"end":{"line":91,"column":21}},"12":{"start":{"line":94,"column":2},"end":{"line":94,"column":9}},"13":{"start":{"line":99,"column":0},"end":{"line":99,"column":70}}},"fnMap":{"0":{"name":"(anonymous_0)","decl":{"start":{"line":37,"column":14},"end":{"line":37,"column":15}},"loc":{"start":{"line":37,"column":26},"end":{"line":39,"column":5}},"line":37},"1":{"name":"(anonymous_1)","decl":{"start":{"line":54,"column":14},"end":{"line":54,"column":15}},"loc":{"start":{"line":54,"column":26},"end":{"line":56,"column":5}},"line":54},"2":{"name":"(anonymous_2)","decl":{"start":{"line":67,"column":14},"end":{"line":67,"column":15}},"loc":{"start":{"line":67,"column":26},"end":{"line":69,"column":5}},"line":67},"3":{"name":"(anonymous_3)","decl":{"start":{"line":79,"column":32},"end":{"line":79,"column":33}},"loc":{"start":{"line":79,"column":54},"end":{"line":95,"column":1}},"line":79}},"branchMap":{"0":{"loc":{"start":{"line":80,"column":2},"end":{"line":85,"column":3}},"type":"if","locations":[{"start":{"line":80,"column":2},"end":{"line":85,"column":3}},{"start":{},"end":{}}],"line":80},"1":{"loc":{"start":{"line":80,"column":6},"end":{"line":80,"column":68}},"type":"binary-expr","locations":[{"start":{"line":80,"column":6},"end":{"line":80,"column":35}},{"start":{"line":80,"column":39},"end":{"line":80,"column":68}}],"line":80},"2":{"loc":{"start":{"line":87,"column":2},"end":{"line":92,"column":3}},"type":"if","locations":[{"start":{"line":87,"column":2},"end":{"line":92,"column":3}},{"start":{},"end":{}}],"line":87},"3":{"loc":{"start":{"line":87,"column":6},"end":{"line":87,"column":76}},"type":"binary-expr","locations":[{"start":{"line":87,"column":6},"end":{"line":87,"column":36}},{"start":{"line":87,"column":40},"end":{"line":87,"column":76}}],"line":87}},"s":{"0":3,"1":3,"2":3,"3":3,"4":0,"5":0,"6":0,"7":3,"8":0,"9":0,"10":0,"11":0,"12":0,"13":3},"f":{"0":0,"1":0,"2":0,"3":0},"b":{"0":[0,0],"1":[0,0],"2":[0,0],"3":[0,0]},"_coverageSchema":"1a1c01bbd47fc00a2c39e90264f33305004495a9","hash":"649265c31962c8235a90693eff1da3718d323af4"}
,"/Users/phoovich/Documents/CEDT/Year1_2/SE/se-project-backend-7_fivem/models/Transaction.js": {"path":"/Users/phoovich/Documents/CEDT/Year1_2/SE/se-project-backend-7_fivem/models/Transaction.js","statementMap":{"0":{"start":{"line":1,"column":17},"end":{"line":1,"column":36}},"1":{"start":{"line":3,"column":26},"end":{"line":37,"column":2}},"2":{"start":{"line":39,"column":0},"end":{"line":39,"column":66}}},"fnMap":{},"branchMap":{},"s":{"0":3,"1":3,"2":3},"f":{},"b":{},"_coverageSchema":"1a1c01bbd47fc00a2c39e90264f33305004495a9","hash":"92dcaf435b89292e111077383c9d2fde0b3da67c"}
,"/Users/phoovich/Documents/CEDT/Year1_2/SE/se-project-backend-7_fivem/models/User.js": {"path":"/Users/phoovich/Documents/CEDT/Year1_2/SE/se-project-backend-7_fivem/models/User.js","statementMap":{"0":{"start":{"line":1,"column":17},"end":{"line":1,"column":36}},"1":{"start":{"line":2,"column":15},"end":{"line":2,"column":34}},"2":{"start":{"line":3,"column":12},"end":{"line":3,"column":35}},"3":{"start":{"line":5,"column":19},"end":{"line":45,"column":2}},"4":{"start":{"line":48,"column":0},"end":{"line":51,"column":3}},"5":{"start":{"line":49,"column":17},"end":{"line":49,"column":41}},"6":{"start":{"line":50,"column":4},"end":{"line":50,"column":58}},"7":{"start":{"line":54,"column":0},"end":{"line":58,"column":2}},"8":{"start":{"line":55,"column":4},"end":{"line":57,"column":7}},"9":{"start":{"line":61,"column":0},"end":{"line":63,"column":2}},"10":{"start":{"line":62,"column":4},"end":{"line":62,"column":64}},"11":{"start":{"line":65,"column":0},"end":{"line":65,"column":52}}},"fnMap":{"0":{"name":"(anonymous_0)","decl":{"start":{"line":48,"column":23},"end":{"line":48,"column":24}},"loc":{"start":{"line":48,"column":44},"end":{"line":51,"column":1}},"line":48},"1":{"name":"(anonymous_1)","decl":{"start":{"line":54,"column":39},"end":{"line":54,"column":40}},"loc":{"start":{"line":54,"column":50},"end":{"line":58,"column":1}},"line":54},"2":{"name":"(anonymous_2)","decl":{"start":{"line":61,"column":35},"end":{"line":61,"column":36}},"loc":{"start":{"line":61,"column":67},"end":{"line":63,"column":1}},"line":61}},"branchMap":{},"s":{"0":3,"1":3,"2":3,"3":3,"4":3,"5":4,"6":4,"7":3,"8":6,"9":3,"10":4,"11":3},"f":{"0":4,"1":6,"2":4},"b":{},"_coverageSchema":"1a1c01bbd47fc00a2c39e90264f33305004495a9","hash":"0fed59eaaf46f0ba80459e61d91d70fc7e6b87be"}
,"/Users/phoovich/Documents/CEDT/Year1_2/SE/se-project-backend-7_fivem/routes/auth.js": {"path":"/Users/phoovich/Documents/CEDT/Year1_2/SE/se-project-backend-7_fivem/routes/auth.js","statementMap":{"0":{"start":{"line":1,"column":16},"end":{"line":1,"column":34}},"1":{"start":{"line":2,"column":43},"end":{"line":2,"column":73}},"2":{"start":{"line":4,"column":15},"end":{"line":4,"column":31}},"3":{"start":{"line":6,"column":20},"end":{"line":6,"column":49}},"4":{"start":{"line":106,"column":0},"end":{"line":106,"column":35}},"5":{"start":{"line":107,"column":0},"end":{"line":107,"column":29}},"6":{"start":{"line":108,"column":0},"end":{"line":108,"column":34}},"7":{"start":{"line":109,"column":0},"end":{"line":109,"column":30}},"8":{"start":{"line":111,"column":0},"end":{"line":111,"column":24}}},"fnMap":{},"branchMap":{},"s":{"0":3,"1":3,"2":3,"3":3,"4":3,"5":3,"6":3,"7":3,"8":3},"f":{},"b":{},"_coverageSchema":"1a1c01bbd47fc00a2c39e90264f33305004495a9","hash":"da6d526c5c95d15ffbea6c3875c0581025618d15"}
,"/Users/phoovich/Documents/CEDT/Year1_2/SE/se-project-backend-7_fivem/routes/bookings.js": {"path":"/Users/phoovich/Documents/CEDT/Year1_2/SE/se-project-backend-7_fivem/routes/bookings.js","statementMap":{"0":{"start":{"line":1,"column":16},"end":{"line":1,"column":34}},"1":{"start":{"line":8,"column":4},"end":{"line":8,"column":38}},"2":{"start":{"line":10,"column":15},"end":{"line":10,"column":52}},"3":{"start":{"line":12,"column":31},"end":{"line":12,"column":60}},"4":{"start":{"line":315,"column":0},"end":{"line":318,"column":57}},"5":{"start":{"line":319,"column":0},"end":{"line":323,"column":62}},"6":{"start":{"line":325,"column":0},"end":{"line":325,"column":24}}},"fnMap":{},"branchMap":{},"s":{"0":3,"1":3,"2":3,"3":3,"4":3,"5":3,"6":3},"f":{},"b":{},"_coverageSchema":"1a1c01bbd47fc00a2c39e90264f33305004495a9","hash":"dacfe245ba85a31b64322fe067b16455aa8e10c9"}
,"/Users/phoovich/Documents/CEDT/Year1_2/SE/se-project-backend-7_fivem/routes/campgrounds.js": {"path":"/Users/phoovich/Documents/CEDT/Year1_2/SE/se-project-backend-7_fivem/routes/campgrounds.js","statementMap":{"0":{"start":{"line":1,"column":16},"end":{"line":1,"column":34}},"1":{"start":{"line":8,"column":4},"end":{"line":8,"column":41}},"2":{"start":{"line":185,"column":22},"end":{"line":185,"column":43}},"3":{"start":{"line":187,"column":15},"end":{"line":187,"column":31}},"4":{"start":{"line":189,"column":31},"end":{"line":189,"column":60}},"5":{"start":{"line":192,"column":0},"end":{"line":192,"column":53}},"6":{"start":{"line":194,"column":0},"end":{"line":197,"column":55}},"7":{"start":{"line":198,"column":0},"end":{"line":202,"column":57}},"8":{"start":{"line":204,"column":0},"end":{"line":204,"column":24}}},"fnMap":{},"branchMap":{},"s":{"0":3,"1":3,"2":3,"3":3,"4":3,"5":3,"6":3,"7":3,"8":3},"f":{},"b":{},"_coverageSchema":"1a1c01bbd47fc00a2c39e90264f33305004495a9","hash":"bf9aba9d70c0387109ac0b1b5975298e6e8aebcf"}
,"/Users/phoovich/Documents/CEDT/Year1_2/SE/se-project-backend-7_fivem/routes/paymentmethod.js": {"path":"/Users/phoovich/Documents/CEDT/Year1_2/SE/se-project-backend-7_fivem/routes/paymentmethod.js","statementMap":{"0":{"start":{"line":1,"column":16},"end":{"line":1,"column":34}},"1":{"start":{"line":2,"column":15},"end":{"line":2,"column":31}},"2":{"start":{"line":9,"column":4},"end":{"line":9,"column":44}},"3":{"start":{"line":11,"column":31},"end":{"line":11,"column":60}},"4":{"start":{"line":359,"column":0},"end":{"line":362,"column":63}},"5":{"start":{"line":363,"column":0},"end":{"line":367,"column":68}},"6":{"start":{"line":369,"column":0},"end":{"line":369,"column":24}}},"fnMap":{},"branchMap":{},"s":{"0":3,"1":3,"2":3,"3":3,"4":3,"5":3,"6":3},"f":{},"b":{},"_coverageSchema":"1a1c01bbd47fc00a2c39e90264f33305004495a9","hash":"70358dbaef3d8d14a10f51869323b596e57285ea"}
,"/Users/phoovich/Documents/CEDT/Year1_2/SE/se-project-backend-7_fivem/routes/transaction.js": {"path":"/Users/phoovich/Documents/CEDT/Year1_2/SE/se-project-backend-7_fivem/routes/transaction.js","statementMap":{"0":{"start":{"line":1,"column":16},"end":{"line":1,"column":34}},"1":{"start":{"line":5,"column":4},"end":{"line":5,"column":41}},"2":{"start":{"line":7,"column":15},"end":{"line":7,"column":31}},"3":{"start":{"line":8,"column":31},"end":{"line":8,"column":60}},"4":{"start":{"line":179,"column":0},"end":{"line":179,"column":76}},"5":{"start":{"line":180,"column":0},"end":{"line":180,"column":78}},"6":{"start":{"line":182,"column":0},"end":{"line":182,"column":24}}},"fnMap":{},"branchMap":{},"s":{"0":3,"1":3,"2":3,"3":3,"4":3,"5":3,"6":3},"f":{},"b":{},"_coverageSchema":"1a1c01bbd47fc00a2c39e90264f33305004495a9","hash":"a0bba1e892fb8b1258db87cf041713c8f105f295"}
}
