TN:
SF:server.js
FN:93,(anonymous_0)
FN:99,(anonymous_1)
FN:101,(anonymous_2)
FNF:3
FNH:0
FNDA:0,(anonymous_0)
FNDA:0,(anonymous_1)
FNDA:0,(anonymous_2)
DA:1,3
DA:2,3
DA:3,3
DA:4,3
DA:5,3
DA:6,3
DA:7,3
DA:8,3
DA:9,3
DA:10,3
DA:11,3
DA:12,3
DA:15,3
DA:16,3
DA:18,0
DA:21,3
DA:24,3
DA:25,3
DA:26,3
DA:28,3
DA:29,3
DA:31,3
DA:34,3
DA:37,3
DA:40,3
DA:43,3
DA:46,3
DA:49,3
DA:53,3
DA:56,3
DA:59,3
DA:62,3
DA:79,3
DA:80,3
DA:83,3
DA:84,3
DA:85,3
DA:86,3
DA:87,3
DA:89,3
DA:91,3
DA:92,0
DA:93,0
DA:94,0
DA:99,0
DA:100,0
DA:101,0
LF:47
LH:40
BRDA:15,0,0,3
BRDA:15,0,1,0
BRDA:91,1,0,0
BRDA:91,1,1,3
BRDA:92,2,0,0
BRDA:92,2,1,0
BRF:6
BRH:2
end_of_record
TN:
SF:config\db.js
FN:2,(anonymous_0)
FNF:1
FNH:1
FNDA:3,(anonymous_0)
DA:1,3
DA:2,3
DA:3,3
DA:4,3
DA:5,3
DA:6,3
DA:8,0
DA:9,0
DA:12,3
LF:9
LH:7
BRF:0
BRH:0
end_of_record
TN:
SF:controllers\auth.js
FN:6,(anonymous_0)
FN:29,(anonymous_1)
FN:56,(anonymous_2)
FN:78,(anonymous_3)
FN:86,(anonymous_4)
FNF:5
FNH:5
FNDA:2,(anonymous_0)
FNDA:9,(anonymous_1)
FNDA:6,(anonymous_2)
FNDA:1,(anonymous_3)
FNDA:1,(anonymous_4)
DA:1,3
DA:6,3
DA:7,2
DA:8,2
DA:11,2
DA:19,1
DA:21,1
DA:22,1
DA:29,3
DA:32,9
DA:35,9
DA:36,2
DA:40,7
DA:41,7
DA:42,1
DA:46,6
DA:47,6
DA:48,1
DA:51,5
DA:56,3
DA:58,6
DA:60,6
DA:65,6
DA:66,1
DA:69,6
DA:78,3
DA:79,1
DA:80,1
DA:86,3
DA:87,1
DA:91,1
LF:31
LH:31
BRDA:35,0,0,2
BRDA:35,0,1,7
BRDA:35,1,0,9
BRDA:35,1,1,8
BRDA:41,2,0,1
BRDA:41,2,1,6
BRDA:47,3,0,1
BRDA:47,3,1,5
BRDA:65,4,0,1
BRDA:65,4,1,5
BRF:10
BRH:10
end_of_record
TN:
SF:controllers\bookings.js
FN:9,(anonymous_0)
FN:47,(anonymous_1)
FN:72,(anonymous_2)
FN:144,(anonymous_3)
FN:178,(anonymous_4)
FN:209,(anonymous_5)
FNF:6
FNH:0
FNDA:0,(anonymous_0)
FNDA:0,(anonymous_1)
FNDA:0,(anonymous_2)
FNDA:0,(anonymous_3)
FNDA:0,(anonymous_4)
FNDA:0,(anonymous_5)
DA:1,3
DA:2,3
DA:3,3
DA:4,3
DA:9,3
DA:12,0
DA:13,0
DA:19,0
DA:20,0
DA:21,0
DA:26,0
DA:31,0
DA:32,0
DA:33,0
DA:37,0
DA:38,0
DA:47,3
DA:48,0
DA:49,0
DA:53,0
DA:54,0
DA:60,0
DA:62,0
DA:63,0
DA:72,3
DA:73,0
DA:74,0
DA:76,0
DA:77,0
DA:78,0
DA:85,0
DA:88,0
DA:91,0
DA:92,0
DA:93,0
DA:100,0
DA:101,0
DA:106,0
DA:107,0
DA:114,0
DA:117,0
DA:126,0
DA:134,0
DA:135,0
DA:144,3
DA:145,0
DA:146,0
DA:147,0
DA:148,0
DA:155,0
DA:156,0
DA:162,0
DA:166,0
DA:168,0
DA:169,0
DA:178,3
DA:179,0
DA:180,0
DA:181,0
DA:182,0
DA:189,0
DA:190,0
DA:196,0
DA:197,0
DA:199,0
DA:201,0
DA:202,0
DA:209,3
DA:210,0
DA:211,0
DA:212,0
DA:214,0
DA:215,0
DA:216,0
DA:218,0
DA:221,0
DA:227,3
DA:228,0
LF:78
LH:11
BRDA:12,0,0,0
BRDA:12,0,1,0
BRDA:19,1,0,0
BRDA:19,1,1,0
BRDA:53,2,0,0
BRDA:53,2,1,0
BRDA:77,3,0,0
BRDA:77,3,1,0
BRDA:92,4,0,0
BRDA:92,4,1,0
BRDA:100,5,0,0
BRDA:100,5,1,0
BRDA:100,6,0,0
BRDA:100,6,1,0
BRDA:106,7,0,0
BRDA:106,7,1,0
BRDA:147,8,0,0
BRDA:147,8,1,0
BRDA:155,9,0,0
BRDA:155,9,1,0
BRDA:155,10,0,0
BRDA:155,10,1,0
BRDA:181,11,0,0
BRDA:181,11,1,0
BRDA:189,12,0,0
BRDA:189,12,1,0
BRDA:189,13,0,0
BRDA:189,13,1,0
BRDA:214,14,0,0
BRDA:214,14,1,0
BRDA:227,15,0,0
BRDA:227,15,1,3
BRF:32
BRH:1
end_of_record
TN:
SF:controllers\campgrounds.js
FN:7,(anonymous_0)
FN:17,(anonymous_1)
FN:23,(anonymous_2)
FN:78,(anonymous_3)
FN:96,(anonymous_4)
FN:107,(anonymous_5)
FN:126,(anonymous_6)
FNF:7
FNH:7
FNDA:5,(anonymous_0)
FNDA:20,(anonymous_1)
FNDA:1,(anonymous_2)
FNDA:3,(anonymous_3)
FNDA:1,(anonymous_4)
FNDA:3,(anonymous_5)
FNDA:3,(anonymous_6)
DA:1,3
DA:2,3
DA:7,3
DA:11,5
DA:14,5
DA:17,20
DA:20,5
DA:23,5
DA:26,5
DA:29,5
DA:30,1
DA:31,1
DA:34,5
DA:35,1
DA:36,1
DA:38,4
DA:42,5
DA:43,5
DA:44,5
DA:45,5
DA:47,5
DA:48,5
DA:49,5
DA:51,5
DA:53,4
DA:55,4
DA:56,1
DA:62,4
DA:63,1
DA:69,4
DA:71,1
DA:78,3
DA:79,3
DA:80,3
DA:84,2
DA:85,1
DA:87,1
DA:89,1
DA:96,3
DA:97,1
DA:98,1
DA:107,3
DA:108,3
DA:109,3
DA:114,2
DA:115,1
DA:117,1
DA:119,1
DA:126,3
DA:127,3
DA:128,3
DA:129,2
DA:130,1
DA:132,1
DA:133,1
DA:135,1
DA:138,1
LF:57
LH:57
BRDA:29,0,0,1
BRDA:29,0,1,4
BRDA:34,1,0,1
BRDA:34,1,1,4
BRDA:42,2,0,5
BRDA:42,2,1,4
BRDA:43,3,0,5
BRDA:43,3,1,4
BRDA:55,4,0,1
BRDA:55,4,1,3
BRDA:62,5,0,1
BRDA:62,5,1,3
BRDA:84,6,0,1
BRDA:84,6,1,1
BRDA:114,7,0,1
BRDA:114,7,1,1
BRDA:129,8,0,1
BRDA:129,8,1,1
BRF:18
BRH:18
end_of_record
TN:
SF:controllers\paymentmethods.js
FN:6,(anonymous_0)
FN:20,(anonymous_1)
FN:43,(anonymous_2)
FN:91,(anonymous_3)
FN:155,(anonymous_4)
FNF:5
FNH:0
FNDA:0,(anonymous_0)
FNDA:0,(anonymous_1)
FNDA:0,(anonymous_2)
FNDA:0,(anonymous_3)
FNDA:0,(anonymous_4)
DA:1,3
DA:6,3
DA:7,0
DA:8,0
DA:9,0
DA:13,0
DA:20,3
DA:21,0
DA:22,0
DA:26,0
DA:27,0
DA:32,0
DA:34,0
DA:41,3
DA:43,3
DA:44,0
DA:47,0
DA:48,0
DA:52,0
DA:55,0
DA:56,0
DA:60,0
DA:65,0
DA:66,0
DA:71,0
DA:81,0
DA:82,0
DA:84,0
DA:91,3
DA:92,0
DA:93,0
DA:97,0
DA:98,0
DA:103,0
DA:104,0
DA:107,0
DA:108,0
DA:109,0
DA:110,0
DA:111,0
DA:112,0
DA:114,0
DA:115,0
DA:116,0
DA:120,0
DA:121,0
DA:122,0
DA:128,0
DA:129,0
DA:130,0
DA:136,0
DA:137,0
DA:140,0
DA:141,0
DA:144,0
DA:146,0
DA:148,0
DA:155,3
DA:156,0
DA:157,0
DA:159,0
DA:160,0
DA:166,0
DA:167,0
DA:170,0
DA:171,0
DA:173,0
LF:67
LH:7
BRDA:26,0,0,0
BRDA:26,0,1,0
BRDA:47,1,0,0
BRDA:47,1,1,0
BRDA:47,2,0,0
BRDA:47,2,1,0
BRDA:55,3,0,0
BRDA:55,3,1,0
BRDA:55,4,0,0
BRDA:55,4,1,0
BRDA:65,5,0,0
BRDA:65,5,1,0
BRDA:97,6,0,0
BRDA:97,6,1,0
BRDA:103,7,0,0
BRDA:103,7,1,0
BRDA:107,8,0,0
BRDA:107,8,1,0
BRDA:107,9,0,0
BRDA:107,9,1,0
BRDA:109,10,0,0
BRDA:109,10,1,0
BRDA:114,11,0,0
BRDA:114,11,1,0
BRDA:120,12,0,0
BRDA:120,12,1,0
BRDA:128,13,0,0
BRDA:128,13,1,0
BRDA:136,14,0,0
BRDA:136,14,1,0
BRDA:140,15,0,0
BRDA:140,15,1,0
BRDA:159,16,0,0
BRDA:159,16,1,0
BRDA:166,17,0,0
BRDA:166,17,1,0
BRF:36
BRH:0
end_of_record
TN:
SF:controllers\transaction.js
FN:6,(anonymous_0)
FN:28,(anonymous_1)
FNF:2
FNH:0
FNDA:0,(anonymous_0)
FNDA:0,(anonymous_1)
DA:1,3
DA:6,3
DA:7,0
DA:8,0
DA:13,0
DA:14,0
DA:19,0
DA:21,0
DA:28,3
DA:29,0
DA:31,0
DA:33,0
DA:37,0
DA:43,0
LF:14
LH:3
BRDA:13,0,0,0
BRDA:13,0,1,0
BRDA:31,1,0,0
BRDA:31,1,1,0
BRF:4
BRH:0
end_of_record
TN:
SF:middleware\auth.js
FN:5,(anonymous_0)
FN:32,(anonymous_1)
FN:33,(anonymous_2)
FNF:3
FNH:3
FNDA:10,(anonymous_0)
FNDA:39,(anonymous_1)
FNDA:7,(anonymous_2)
DA:1,3
DA:2,3
DA:5,3
DA:8,10
DA:9,8
DA:13,10
DA:14,2
DA:17,8
DA:19,8
DA:21,8
DA:23,8
DA:25,8
DA:27,0
DA:28,0
DA:32,3
DA:33,39
DA:34,7
DA:35,0
DA:37,7
LF:19
LH:16
BRDA:8,0,0,8
BRDA:8,0,1,2
BRDA:8,1,0,10
BRDA:8,1,1,8
BRDA:13,2,0,2
BRDA:13,2,1,8
BRDA:13,3,0,10
BRDA:13,3,1,8
BRDA:34,4,0,0
BRDA:34,4,1,7
BRF:10
BRH:9
end_of_record
TN:
SF:models\Booking.js
FNF:0
FNH:0
DA:1,3
DA:3,3
DA:24,3
LF:3
LH:3
BRF:0
BRH:0
end_of_record
TN:
SF:models\Campground.js
FNF:0
FNH:0
DA:1,3
DA:3,3
DA:47,3
DA:53,3
LF:4
LH:4
BRF:0
BRH:0
end_of_record
TN:
SF:models\PaymentMethod.js
FN:37,(anonymous_0)
FN:54,(anonymous_1)
FN:67,(anonymous_2)
FN:79,(anonymous_3)
FNF:4
FNH:0
FNDA:0,(anonymous_0)
FNDA:0,(anonymous_1)
FNDA:0,(anonymous_2)
FNDA:0,(anonymous_3)
DA:1,3
DA:2,3
DA:4,3
DA:17,3
DA:38,0
DA:55,0
DA:68,0
DA:79,3
DA:80,0
DA:81,0
DA:87,0
DA:88,0
DA:94,0
DA:99,3
LF:14
LH:6
BRDA:80,0,0,0
BRDA:80,0,1,0
BRDA:80,1,0,0
BRDA:80,1,1,0
BRDA:87,2,0,0
BRDA:87,2,1,0
BRDA:87,3,0,0
BRDA:87,3,1,0
BRF:8
BRH:0
end_of_record
TN:
SF:models\Transaction.js
FNF:0
FNH:0
DA:1,3
DA:3,3
DA:39,3
LF:3
LH:3
BRF:0
BRH:0
end_of_record
TN:
SF:models\User.js
FN:48,(anonymous_0)
FN:54,(anonymous_1)
FN:61,(anonymous_2)
FNF:3
FNH:3
FNDA:6,(anonymous_0)
FNDA:7,(anonymous_1)
FNDA:6,(anonymous_2)
DA:1,3
DA:2,3
DA:3,3
DA:5,3
DA:48,3
DA:49,6
DA:50,6
DA:54,3
DA:55,7
DA:61,3
DA:62,6
DA:65,3
LF:12
LH:12
BRF:0
BRH:0
end_of_record
TN:
SF:routes\auth.js
FNF:0
FNH:0
DA:1,3
DA:2,3
DA:4,3
DA:6,3
DA:106,3
DA:107,3
DA:108,3
DA:109,3
DA:111,3
LF:9
LH:9
BRF:0
BRH:0
end_of_record
TN:
SF:routes\bookings.js
FNF:0
FNH:0
DA:1,3
DA:8,3
DA:10,3
DA:12,3
DA:315,3
DA:319,3
DA:325,3
LF:7
LH:7
BRF:0
BRH:0
end_of_record
TN:
SF:routes\campgrounds.js
FNF:0
FNH:0
DA:1,3
DA:8,3
DA:185,3
DA:187,3
DA:189,3
DA:192,3
DA:194,3
DA:198,3
DA:204,3
LF:9
LH:9
BRF:0
BRH:0
end_of_record
TN:
SF:routes\paymentmethod.js
FNF:0
FNH:0
DA:1,3
DA:2,3
DA:9,3
DA:11,3
DA:359,3
DA:363,3
DA:369,3
LF:7
LH:7
BRF:0
BRH:0
end_of_record
TN:
SF:routes\transaction.js
FNF:0
FNH:0
DA:1,3
DA:5,3
DA:7,3
DA:8,3
DA:179,3
DA:180,3
DA:182,3
LF:7
LH:7
BRF:0
BRH:0
end_of_record
